* using log directory 'C:/Users/tyler/STAT 133/STAT 133 HW/binomial.Rcheck'
* using R version 3.5.2 (2018-12-20)
* using platform: x86_64-w64-mingw32 (64-bit)
* using session charset: ISO8859-1
* checking for file 'binomial/DESCRIPTION' ... OK
* checking extension type ... Package
* this is package 'binomial' version '0.1.0'
* package encoding: UTF-8
* checking package namespace information ... OK
* checking package dependencies ... OK
* checking if this is a source package ... OK
* checking if there is a namespace ... OK
* checking for .dll and .exe files ... OK
* checking for hidden files and directories ... OK
* checking for portable file names ... OK
* checking whether package 'binomial' can be installed ... OK
* checking package directory ... OK
* checking DESCRIPTION meta-information ... WARNING
Non-standard license specification:
  What license is it under?
Standardizable: FALSE
* checking top-level files ... OK
* checking for left-over files ... OK
* checking index information ... OK
* checking package subdirectories ... OK
* checking R files for non-ASCII characters ... OK
* checking R files for syntax errors ... OK
* checking whether the package can be loaded ... OK
* checking whether the package can be loaded with stated dependencies ... OK
* checking whether the package can be unloaded cleanly ... OK
* checking whether the namespace can be loaded with stated dependencies ... OK
* checking whether the namespace can be unloaded cleanly ... OK
* checking loading without being on the library search path ... OK
* checking dependencies in R code ... OK
* checking S3 generic/method consistency ... WARNING
print:
  function(x, ...)
print.binvar:
  function(binvar)

print:
  function(x, ...)
print.summary.binvar:
  function(summary)

summary:
  function(object, ...)
summary.binvar:
  function(binvar)

plot:
  function(x, ...)
plot.bincum:
  function(bincum)

plot:
  function(x, ...)
plot.bindis:
  function(bindis)

See section 'Generic functions and methods' in the 'Writing R
Extensions' manual.
* checking replacement functions ... OK
* checking foreign function calls ... OK
* checking R code for possible problems ... NOTE
plot.bincum: no visible global function definition for 'ggplot'
plot.bincum: no visible global function definition for 'aes'
plot.bincum: no visible binding for global variable 'success'
plot.bincum: no visible binding for global variable 'cumulative'
plot.bincum: no visible global function definition for 'xlab'
plot.bincum: no visible global function definition for 'ylab'
plot.bincum: no visible global function definition for 'geom_line'
plot.bindis: no visible global function definition for 'ggplot'
plot.bindis: no visible global function definition for 'aes'
plot.bindis: no visible binding for global variable 'success'
plot.bindis: no visible binding for global variable 'probability'
plot.bindis: no visible global function definition for 'geom_bar'
Undefined global functions or variables:
  aes cumulative geom_bar geom_line ggplot probability success xlab
  ylab
* checking Rd files ... OK
* checking Rd metadata ... OK
* checking Rd cross-references ... OK
* checking for missing documentation entries ... WARNING
Undocumented code objects:
  'aux_kurtosis' 'aux_mean' 'aux_mode' 'aux_skewness' 'aux_variance'
  'bin_choose' 'bin_cumulative' 'bin_distribution' 'bin_kurtosis'
  'bin_mean' 'bin_mode' 'bin_probability' 'bin_skewness' 'bin_variable'
  'bin_variance' 'check_prob' 'check_success' 'check_trials'
  'plot.bincum' 'plot.bindis' 'print.binvar' 'print.summary.binvar'
  'summary.binvar'
All user-level objects in a package should have documentation entries.
See chapter 'Writing R documentation files' in the 'Writing R
Extensions' manual.
* checking for code/documentation mismatches ... WARNING
Functions or methods with usage in documentation object 'hello' but not in code:
  hello

* checking Rd \usage sections ... OK
* checking Rd contents ... OK
* checking for unstated dependencies in examples ... OK
* checking examples ... ERROR
Running examples in 'binomial-Ex.R' failed
The error most likely occurred in:

> ### Name: hello
> ### Title: Hello, World!
> ### Aliases: hello
> 
> ### ** Examples
> 
> hello()
Error in hello() : could not find function "hello"
Execution halted
* checking for unstated dependencies in 'tests' ... WARNING
'library' or 'require' calls not declared from:
  'cointoss' 'testthat'
* checking tests ... ERROR
  Running 'testthat.R'
Running the tests in 'tests/testthat.R' failed.
Complete output:
  > library(testthat)
  Warning message:
  package 'testthat' was built under R version 3.5.3 
  > library(cointoss)
  Error in library(cointoss) : there is no package called 'cointoss'
  Execution halted
* checking PDF version of manual ... WARNING
LaTeX errors when creating PDF version.
This typically indicates Rd problems.
* checking PDF version of manual without hyperrefs or index ... ERROR
Re-running with no redirection of stdout/stderr.
* DONE
Status: 3 ERRORs, 6 WARNINGs, 1 NOTE
